time_stamp	x	y	v	theta	omega	measure_x	measure_y	predict_x	predict_y	predict_v	predict_theta	predict_omega	true_x	true_y	true_v
1477010443050000	0.862916	0.534212	0	0	0	0.862916	0.534212	0	0	0	0	0	0.859997	0.600045	5.19975
1477010443150000	0.741679	-0.0458243	4.68604	4.70053e-17	-7.89675e-17	0.969149	0.397513	0.862916	0.534212	1.38778e-17	1.45283e-17	-2.77556e-17	1.37996	0.600629	5.19899
1477010443250000	1.90165	0.636912	5.1154	0.0702021	-0.022386	1.62331	0.499091	1.02557	-0.0458243	4.68604	3.79471e-17	-5.55112e-17	1.89982	0.60247	5.19773
1477010443350000	2.25972	0.628093	5.30575	0.284353	0.0200772	1.96701	0.557116	2.25023	0.663491	5.1154	0.0679635	-0.022386	2.41954	0.606284	5.19597
1477010443450000	2.81441	0.643685	5.33402	-0.00586059	-0.113265	2.92034	0.645898	2.69268	0.75537	5.30575	0.28636	0.0200772	2.93904	0.612786	5.19372
1477010443550000	3.36744	0.515352	5.42093	-0.167333	-0.248282	3.56096	0.485311	3.33283	0.637664	5.33402	-0.0171871	-0.113265	3.45825	0.622686	5.19097
1477010443650000	3.95952	0.591666	5.41036	0.00536189	0.305661	4.19786	0.698311	3.89254	0.418939	5.42093	-0.192161	-0.248282	3.97708	0.636689	5.18775
1477010443750000	4.50303	0.646688	5.33648	0.0760665	0.404966	4.61908	0.68951	4.49305	0.601312	5.41036	0.035928	0.305661	4.49542	0.655498	5.18405
1477010443850000	5.03086	0.676966	5.22998	0.0945181	0.349562	5.20902	0.66599	5.0257	0.696144	5.33648	0.116563	0.404966	5.01316	0.679804	5.17988
1477010443950000	5.52245	0.692698	5.29172	0.0946827	0.268829	5.22835	0.639362	5.5423	0.73396	5.22998	0.129474	0.349562	5.53013	0.710295	5.17526
1477010444050000	6.02647	0.545144	5.20313	-0.0495061	-0.0800396	5.89392	0.373584	6.04102	0.748779	5.29172	0.121566	0.268829	6.04618	0.747646	5.1702
1477010444150000	6.53447	0.66837	5.16476	0.0529184	0.115004	6.62134	0.836138	6.53977	0.517588	5.20313	-0.0575101	-0.0800396	6.56111	0.792523	5.16471
1477010444250000	7.04619	0.656813	5.06267	0.0338682	0.0648635	7.29121	0.630741	7.04508	0.698079	5.16476	0.0644189	0.115004	7.07469	0.845578	5.1588
1477010444350000	7.62407	0.726547	5.20172	0.0708562	0.112581	8.08349	0.819605	7.54787	0.675246	5.06267	0.0403545	0.0648635	7.58668	0.907449	5.15249
1477010444450000	8.13714	0.807701	5.10985	0.105896	0.145441	8.40453	0.884557	8.1389	0.765832	5.20172	0.0821144	0.112581	8.0968	0.978758	5.14579
1477010444550000	8.63995	1.08039	5.22317	0.234034	0.288568	8.45858	1.41118	8.64149	0.864917	5.10985	0.12044	0.145441	8.60472	1.06011	5.13873
1477010444650000	9.22358	1.15941	5.28501	0.232935	0.250833	9.8809	1.1419	9.14314	1.20802	5.22317	0.262891	0.288568	9.1101	1.15208	5.13132
1477010444750000	9.76827	1.35053	5.33771	0.284022	0.279293	10.1016	1.52474	9.73336	1.28726	5.28501	0.258019	0.250833	9.61255	1.25524	5.12357
1477010444850000	10.2646	1.58786	5.26159	0.354781	0.335623	10.5377	1.72555	10.2758	1.50662	5.33771	0.311951	0.279293	10.1116	1.37011	5.11551
1477010444950000	10.7312	1.78269	5.14214	0.403175	0.366869	10.9084	1.70343	10.7523	1.7782	5.26159	0.388343	0.335623	10.6069	1.49721	5.10717
1477010445050000	11.2615	1.80823	5.15371	0.357471	0.274176	11.4783	1.42876	11.1979	1.99242	5.14214	0.439862	0.366869	11.0979	1.637	5.09855
1477010445150000	11.7212	1.87648	5.07028	0.343649	0.234969	11.4763	1.53917	11.7393	1.99473	5.15371	0.384888	0.274176	11.584	1.78992	5.08968
1477010445250000	12.2064	2.07639	5.15243	0.369678	0.229934	12.136	2.14937	12.194	2.05254	5.07028	0.367146	0.234969	12.0648	1.95639	5.08058
1477010445350000	12.7082	2.12877	5.17574	0.33269	0.159564	12.5457	1.77728	12.682	2.2676	5.15243	0.392672	0.229934	12.5394	2.13677	5.07128
1477010445450000	13.2075	2.39517	5.29381	0.376163	0.179787	13.2198	2.66441	13.1933	2.30134	5.17574	0.348646	0.159564	13.0075	2.33136	5.0618
1477010445550000	13.5326	2.80708	5.14804	0.499527	0.305153	12.7087	3.12439	13.6951	2.5935	5.29381	0.394142	0.179787	13.4682	2.54047	5.05217
1477010445650000	13.9702	2.9864	5.10107	0.507775	0.286368	13.8302	2.73893	13.9778	3.05962	5.14804	0.530042	0.305153	13.9208	2.7643	5.0424
1477010445750000	14.4715	3.11198	5.15247	0.472454	0.206781	14.5568	2.87021	14.4094	3.23999	5.10107	0.536411	0.286368	14.3646	3.00303	5.03253
1477010445850000	14.8932	3.50491	5.24651	0.541716	0.244699	14.6754	3.96041	14.9249	3.35058	5.15247	0.493132	0.206781	14.7989	3.25679	5.02257
1477010445950000	15.3019	3.8884	5.23149	0.615436	0.304207	15.3685	4.14761	15.3363	3.78003	5.24651	0.566186	0.244699	15.2228	3.52563	5.01256
1477010446050000	15.7515	4.01319	5.14641	0.587708	0.254388	15.7234	3.4105	15.7213	4.19584	5.23149	0.645856	0.304207	15.6356	3.80957	5.00251
1477010446150000	16.1608	4.29987	5.07148	0.628253	0.287783	16.3376	4.21632	16.1731	4.30318	5.14641	0.613147	0.254388	16.0363	4.10854	4.99246
1477010446250000	16.5936	4.56273	5.07387	0.639043	0.269066	16.7586	4.48231	16.5637	4.60294	5.07148	0.657031	0.287783	16.4242	4.42242	4.98243
1477010446350000	16.9102	4.97638	4.96848	0.73947	0.376034	16.9236	5.10119	16.9936	4.86994	5.07387	0.66595	0.269066	16.7983	4.75103	4.97244
1477010446450000	17.2882	5.1875	4.87996	0.747455	0.36324	17.3421	4.64623	17.2679	5.31692	4.96848	0.777073	0.376034	17.1578	5.09409	4.96252
1477010446550000	17.6473	5.38452	4.76351	0.758162	0.360368	17.6463	4.74597	17.6371	5.5247	4.87996	0.783779	0.36324	17.5019	5.45128	4.9527
1477010446650000	17.9338	5.8146	4.75653	0.842787	0.420996	17.9216	6.07151	17.9843	5.71734	4.76351	0.794199	0.360368	17.8297	5.82221	4.943
1477010446750000	18.2128	6.29074	4.82965	0.912548	0.435117	18.1245	6.79027	18.2399	6.17514	4.75653	0.884887	0.420996	18.1403	6.20641	4.93344
1477010446850000	18.4681	6.75201	4.86271	0.981066	0.457554	18.4022	7.02231	18.4971	6.6779	4.82965	0.95606	0.435117	18.4328	6.60333	4.92404
1477010446950000	18.7677	7.13684	4.88741	0.994231	0.405944	18.8089	7.24388	18.7266	7.16096	4.86271	1.02682	0.457554	18.7064	7.01237	4.91484
1477010447050000	18.9396	7.57562	4.84388	1.07564	0.464966	18.5479	7.4012	19.0233	7.55077	4.88741	1.03483	0.405944	18.9604	7.43283	4.90586
1477010447150000	19.2071	7.92603	4.81429	1.08651	0.424144	19.3089	7.67375	19.1574	8.00584	4.84388	1.12214	0.464966	19.1939	7.86397	4.89711
1477010447250000	19.4017	8.33006	4.80447	1.11598	0.397242	19.0239	8.17194	19.4199	8.35567	4.81429	1.12892	0.424144	19.4062	8.30497	4.88862
1477010447350000	19.6083	8.7069	4.74938	1.15582	0.41474	19.6843	8.35902	19.602	8.76469	4.80447	1.1557	0.397242	19.5967	8.75494	4.88042
1477010447450000	19.738	9.21602	4.7791	1.22892	0.45199	19.6061	9.48659	19.7885	9.14429	4.74938	1.19729	0.41474	19.7645	9.21294	4.87251
1477010447550000	19.822	9.71444	4.78703	1.31075	0.502597	19.6163	9.76606	19.8859	9.66854	4.7791	1.27412	0.45199	19.9093	9.67795	4.86493
1477010447650000	19.8564	10.3794	4.94287	1.37049	0.457031	19.1911	11.5493	19.9315	10.1787	4.78703	1.36101	0.502597	20.0303	10.1489	4.85769
1477010447750000	19.8894	10.8799	4.94155	1.44261	0.495667	19.6774	10.803	19.9419	10.8646	4.94287	1.41619	0.457031	20.1271	10.6247	4.85081
1477010447850000	19.8876	11.5062	5.04751	1.4943	0.459212	19.4335	12.3402	19.9388	11.3701	4.94155	1.49218	0.495667	20.1993	11.1041	4.84431
1477010447950000	19.7561	12.096	5.09502	1.61875	0.571916	19.2063	12.2418	19.9132	12.009	5.04751	1.54022	0.459212	20.2466	11.5861	4.8382
1477010448050000	19.8541	12.4655	4.97887	1.59124	0.442057	19.966	11.9688	19.716	12.6027	5.09502	1.67594	0.571916	20.2687	12.0692	4.83249
1477010448150000	19.8237	12.8972	4.91514	1.66399	0.516046	20.0192	12.4822	19.8318	12.9619	4.97887	1.63545	0.442057	20.2653	12.5522	4.82722
1477010448250000	19.9303	13.2088	4.77167	1.67893	0.504556	20.9151	12.2555	19.7644	13.3841	4.91514	1.71559	0.516046	20.2363	13.0339	4.82237
1477010448350000	19.8764	13.6625	4.75848	1.721	0.488922	19.858	13.5236	19.8659	13.6807	4.77167	1.72938	0.504556	20.1818	13.5129	4.81798
1477010448450000	19.8567	14.0388	4.67856	1.76912	0.515758	20.3387	13.5307	19.7928	14.13	4.75848	1.7699	0.488922	20.1017	13.9878	4.81405
1477010448550000	19.7434	14.4861	4.67315	1.82267	0.517607	19.6717	14.4038	19.7519	14.4939	4.67856	1.8207	0.515758	19.9962	14.4573	4.81058
1477010448650000	19.7078	14.8109	4.56339	1.84959	0.492925	20.1149	14.0165	19.6146	14.9344	4.67315	1.87443	0.517607	19.8655	14.9202	4.80759
1477010448750000	19.5436	15.2276	4.54923	1.9683	0.6537	20.0157	15.3443	19.5707	15.2454	4.56339	1.89888	0.492925	19.7099	15.3749	4.80509
1477010448850000	19.4529	15.5562	4.46014	2.00677	0.6233	19.9388	15.0864	19.3534	15.64	4.54923	2.03367	0.6537	19.5298	15.8203	4.80309
1477010448950000	19.271	15.9631	4.45427	2.04186	0.564448	19.1556	16.0022	19.2517	15.9534	4.46014	2.0691	0.6233	19.3257	16.255	4.80158
1477010449050000	19.0937	16.3348	4.43331	2.09778	0.575541	19.4007	16.2962	19.0574	16.3532	4.45427	2.0983	0.564448	19.0981	16.6777	4.80057
1477010449150000	18.7879	16.8067	4.54047	2.20541	0.68171	18.8373	17.7112	18.8595	16.7106	4.43331	2.15534	0.575541	18.8477	17.0872	4.80006
1477010449250000	18.6255	17.1445	4.44828	2.19896	0.539081	18.8177	17.0316	18.5063	17.1621	4.54047	2.27358	0.68171	18.5752	17.4822	4.80006
1477010449350000	18.3646	17.5105	4.44949	2.23001	0.48734	18.2749	17.4877	18.3544	17.4965	4.44828	2.25287	0.539081	18.2814	17.8617	4.80057
1477010449450000	18.0951	17.7899	4.40478	2.30781	0.55451	18.3021	17.498	18.0836	17.8548	4.44949	2.27874	0.48734	17.9671	18.2246	4.80158
1477010449550000	17.9251	18.0899	4.33786	2.33491	0.527827	18.8558	18.1364	17.7902	18.1071	4.40478	2.36326	0.55451	17.6334	18.5697	4.80309
1477010449650000	17.6327	18.3462	4.30475	2.40329	0.563139	17.7945	18.0801	17.6169	18.3944	4.33786	2.3877	0.527827	17.2811	18.8962	4.80509
1477010449750000	17.2518	18.7594	4.4114	2.44508	0.5371	16.9398	19.7311	17.3065	18.6263	4.30475	2.4596	0.563139	16.9113	19.203	4.80759
1477010449850000	16.7878	19.174	4.56226	2.50898	0.55746	16.1674	20.2201	16.9063	19.0328	4.4114	2.49879	0.5371	16.5251	19.4894	4.81058
1477010449950000	16.431	19.2847	4.47381	2.60003	0.6148	16.4366	18.2742	16.4128	19.433	4.56226	2.56473	0.55746	16.1237	19.7545	4.81405
1477010450050000	16.1049	19.4849	4.39785	2.6259	0.538108	16.2328	19.2166	16.0411	19.5032	4.47381	2.66151	0.6148	15.7082	19.9978	4.81798
1477010450150000	15.5316	19.9169	4.61669	2.65883	0.496806	14.3677	21.3406	15.717	19.6913	4.39785	2.67971	0.538108	15.2799	20.2185	4.82237
1477010450250000	15.0761	20.1043	4.63377	2.72078	0.511446	14.7476	19.9571	15.1181	20.1209	4.61669	2.70851	0.496806	14.84	20.4162	4.82722
1477010450350000	14.5284	20.3749	4.75808	2.77834	0.526419	13.841	21.0031	14.649	20.2827	4.63377	2.77192	0.511446	14.3897	20.5904	4.83249
1477010450450000	14.0348	20.5653	4.80906	2.83893	0.547097	13.8232	20.859	14.08	20.5322	4.75808	2.83098	0.526419	13.9304	20.7408	4.8382
1477010450550000	13.5984	20.6299	4.78707	2.9286	0.620598	13.8263	20.4261	13.5726	20.6962	4.80906	2.89364	0.547097	13.4632	20.8671	4.84431
1477010450650000	13.1357	20.7677	4.79768	2.97717	0.605095	13.2669	21.1579	13.1282	20.7168	4.78707	2.99066	0.620598	12.9895	20.969	4.85081
1477010450750000	12.4922	20.9562	4.95984	3.02643	0.591207	11.5171	21.6724	12.6609	20.8323	4.79768	3.03768	0.605095	12.5106	21.0465	4.85769
1477010450850000	12.0429	21.0001	4.9319	2.03827	0.59817	12.3859	21.1066	11.9987	20.9992	4.95984	2.03835	0.591207	12.0276	21.0996	4.86493
1477010450950000	11.7217	20.8802	4.89306	2.28737	0.60834	11.5265	20.6748	11.9057	21.2542	4.9319	1.05088	0.59817	11.5418	21.1283	4.87252
1477010451050000	11.0953	20.8757	4.92806	2.4557	0.606651	10.5558	20.5567	11.5621	21.0521	4.89306	1.301	0.60834	11.0544	21.1327	4.88042
1477010451150000	10.2628	21.051	5.05091	2.70789	0.600186	9.30535	21.3896	10.883	21.0376	4.92806	1.46916	0.606651	10.5666	21.1131	4.88862
1477010451250000	9.83002	21.002	5.04233	2.65833	0.609055	9.97958	21.2932	9.99784	21.1645	5.05091	1.72071	0.600186	10.0795	21.0697	4.89711
1477010451350000	9.4395	20.9419	5.05885	2.54591	0.614064	9.38223	21.111	9.56673	21.1294	5.04233	1.67204	0.609055	9.59422	21.0028	4.90586
1477010451450000	9.19491	20.7844	5.00791	2.71038	0.632783	9.63392	20.9724	9.19177	21.0995	5.05885	1.56012	0.614064	9.11177	20.9128	4.91484
1477010451550000	9.18847	20.4511	4.963	2.86106	0.635522	9.84634	20.009	8.92837	20.8959	5.00791	1.72646	0.632783	8.63315	20.8003	4.92404
1477010451650000	8.6234	20.3508	4.98823	2.83658	0.638014	8.29647	20.4978	8.90865	20.5228	4.963	1.87741	0.635522	8.1593	20.6657	4.93344
1477010451750000	8.21498	20.1958	4.99138	3.01391	0.668829	8.29081	20.6565	8.34949	20.4274	4.98823	1.85318	0.638014	7.69111	20.5096	4.943
1477010451850000	7.56947	20.0812	5.04214	2.8376	0.662305	7.09214	20.1196	7.9302	20.2231	4.99138	2.03359	0.668829	7.22939	20.3326	4.9527
1477010451950000	7.1116	19.9102	5.05771	3.04035	0.677857	6.89359	20.1536	7.30324	20.1557	5.04214	1.85663	0.662305	6.7749	20.1352	4.96252
1477010452050000	6.63181	19.7672	5.07105	-2.66127	0.719059	6.67637	20.2142	6.82341	19.9295	5.05771	-0.0334596	0.677857	6.32834	19.9183	4.97244
1477010452150000	5.85259	19.6127	5.3118	6.2796	0.4977	5.28178	19.5036	7.34639	20.1814	5.07105	1.59942	0.719059	5.89034	19.6824	4.98243
1477010452250000	5.94047	19.1355	4.89872	-1.48847	0.420734	5.9506	18.9859	5.98332	19.6342	5.3118	0.0461858	0.4977	5.46145	19.4284	4.99246
1477010452350000	5.78737	18.8748	4.96082	-1.94439	0.298127	5.87397	19.301	5.95248	18.9166	4.89872	-1.4464	0.420734	5.04219	19.157	5.00251
1477010452450000	4.78858	18.7877	5.11555	-1.86015	0.153592	3.98679	19.0452	5.6648	18.5544	4.96082	-0.86738	0.298127	4.63297	18.8689	5.01256
1477010452550000	4.68615	18.4297	5.12811	-0.786018	0.152312	4.69245	18.4634	4.72964	18.5821	5.11555	-0.797596	0.153592	4.23416	18.5648	5.02257
1477010452650000	3.8202	18.2619	5.1023	-2.31316	-0.039108	3.42433	18.8357	4.78606	18.3342	5.12811	-0.770787	0.152312	3.84606	18.2457	5.03253
1477010452750000	3.94478	17.8567	5.09917	-0.792526	-0.0444197	4.3011	17.9267	3.59865	18.0213	5.1023	-1.26988	-0.039108	3.46891	17.9122	5.0424
1477010452850000	3.2571	17.5887	5.12089	-2.18243	-0.132025	2.65664	17.888	4.1058	17.691	5.09917	-0.796968	-0.0444197	3.10287	17.565	5.05217
1477010452950000	3.22138	17.1193	5.15908	-0.789302	-0.108737	3.26647	17.0897	3.04064	17.2814	5.12089	-1.14843	-0.132025	2.74805	17.2051	5.0618
1477010453050000	2.90386	16.7954	5.18141	-1.75449	-0.154243	2.55039	16.8884	3.40184	16.9337	5.15908	-0.800176	-0.108737	2.4045	16.833	5.07128
1477010453150000	2.15246	16.4595	5.17611	-2.44239	-0.0915773	1.57735	16.0489	2.82936	16.4013	5.18141	-1.76992	-0.154243	2.07221	16.4497	5.08058
1477010453250000	1.90346	16.101	5.21569	-1.17196	-0.0347063	1.74363	16.2687	1.81967	16.181	5.17611	-1.40435	-0.0915773	1.75112	16.0557	5.08968
1477010453350000	1.83062	15.6298	5.27081	-1.77456	-0.034135	1.6097	15.5526	2.01798	15.8228	5.21569	-1.17543	-0.0347063	1.44111	15.6517	5.09855
1477010453450000	1.19863	15.293	5.35227	-2.41055	-0.0707434	0.828993	15.528	1.75957	15.2792	5.27081	-1.77798	-0.034135	1.14201	15.2386	5.10717
1477010453550000	1.02682	14.9227	5.36924	-1.14068	-0.015142	1.03147	15.2134	0.862318	14.9926	5.35227	-1.37043	-0.0707434	0.853604	14.8169	5.11551
1477010453650000	0.943217	14.4348	5.43691	-1.78214	-0.00252039	0.722177	14.2445	1.15417	14.6401	5.36924	-1.1422	-0.015142	0.575628	14.3872	5.12357
1477010453750000	0.375572	13.9712	5.60644	-2.25773	-0.00365345	-0.0328025	13.9604	0.867184	14.0678	5.43691	-1.78239	-0.00252039	0.307779	13.9502	5.13132
1477010453850000	0.244771	13.4884	5.68164	-1.96921	0.13006	0.0524417	13.6377	0.0659777	13.5932	5.60644	-2.25809	-0.00365345	0.0497099	13.5065	5.13873
1477010453950000	-0.167153	13.0482	5.55535	-2.1133	-0.0385773	-0.275042	13.1456	0.028841	12.9713	5.68164	-1.95621	0.13006	-0.198962	13.0566	5.14579
1477010454050000	-0.5559	12.5737	5.63653	-2.17974	-0.147387	-0.684792	12.3563	-0.454198	12.58	5.55535	-2.11716	-0.0385773	-0.438654	12.6011	5.15249
1477010454150000	-0.88753	12.1477	5.60905	-2.16462	-0.028835	-0.972122	12.5207	-0.881252	12.1187	5.63653	-2.19447	-0.147387	-0.669817	12.1404	5.1588
1477010454250000	-1.20344	11.6712	5.61705	-2.13552	0.073639	-1.26757	11.6495	-1.20195	11.6867	5.60905	-2.16751	-0.028835	-0.892931	11.6751	5.16471
1477010454350000	-1.3466	11.1981	5.47798	-2.12585	-0.0155151	-0.891441	10.959	-1.50237	11.1985	5.61705	-2.12816	0.073639	-1.1085	11.2057	5.1702
1477010454450000	-1.4919	10.7301	5.36471	-2.0253	0.18888	-1.29894	10.9012	-1.63576	10.7353	5.47798	-2.1274	-0.0155151	-1.31706	10.7324	5.17526
1477010454550000	-1.67779	10.2095	5.38043	-1.96061	0.281197	-1.59293	10.0212	-1.72324	10.248	5.36471	-2.00641	0.18888	-1.51917	10.2559	5.17988
1477010454650000	-1.79468	9.76084	5.25377	-1.92968	0.258344	-1.59701	9.96554	-1.87575	9.7112	5.38043	-1.93249	0.281197	-1.71539	9.77637	5.18405
1477010454750000	-2.04557	9.25588	5.34494	-1.91144	0.270101	-2.27191	9.37316	-1.97339	9.26883	5.25377	-1.90385	0.258344	-1.90631	9.29431	5.18775
1477010454850000	-2.14759	8.82044	5.20636	-1.88702	0.242024	-1.96565	9.13274	-2.21784	8.75195	5.34494	-1.88443	0.270101	-2.09256	8.81003	5.19097
1477010454950000	-2.42799	8.29194	5.3235	-1.90408	0.199083	-2.65863	8.19477	-2.30403	8.32566	5.20636	-1.86282	0.242024	-2.27474	8.32388	5.19372
1477010455050000	-2.47041	7.89688	5.13251	-1.85699	0.215375	-2.273	8.52315	-2.59756	7.78902	5.3235	-1.88417	0.199083	-2.45348	7.83617	5.19597
1477010455150000	-2.79857	7.39403	5.21923	-1.92396	0.0960202	-3.08256	7.38874	-2.61046	7.40447	5.13251	-1.83546	0.215375	-2.62944	7.34723	5.19773
1477010455250000	-2.87766	6.94926	5.12498	-1.87319	0.149708	-2.79412	7.20818	-2.97705	6.9049	5.21923	-1.91436	0.0960202	-2.80326	6.85734	5.19899
1477010455350000	-2.95023	6.50554	4.9701	-1.8651	0.0996453	-2.57673	6.36755	-3.02696	6.46004	5.12498	-1.85822	0.149708	-2.97559	6.36681	5.19975
1477010455450000	-3.18795	6.00439	5.07962	-1.87865	0.0870942	-3.50172	6.10796	-3.09236	6.03022	4.9701	-1.85513	0.0996453	-3.14709	5.87592	5.2
1477010455550000	-3.37196	5.49356	5.09822	-1.89988	0.026404	-3.19736	5.19093	-3.34005	5.52064	5.07962	-1.86994	0.0870942	-3.31843	5.38497	5.19975
1477010455650000	-3.49869	5.00787	5.08182	-1.8755	0.0617632	-3.4281	4.94644	-3.53631	5.01177	5.09822	-1.89724	0.026404	-3.49026	4.89422	5.19899
1477010455750000	-3.6964	4.48363	5.13218	-1.90665	-0.0134602	-3.50501	4.17643	-3.64985	4.52339	5.08182	-1.86933	0.0617632	-3.66325	4.40398	5.19773
1477010455850000	-3.88114	3.99929	5.15404	-1.90338	0.00561968	-4.06447	4.10977	-3.866	3.99991	5.13218	-1.908	-0.0134602	-3.83806	3.91452	5.19597
1477010455950000	-4.07913	3.5788	5.0923	-1.9353	-0.0587531	-4.23729	3.88878	-4.04934	3.51269	5.15404	-1.90282	0.00561968	-4.01533	3.42616	5.19372
1477010456050000	-4.30294	3.05041	5.19387	-1.95976	-0.0943863	-4.27467	2.88187	-4.26206	3.10409	5.0923	-1.94117	-0.0587531	-4.19571	2.93919	5.19097
1477010456150000	-4.48573	2.53537	5.2244	-1.95319	-0.0633158	-4.38481	2.39989	-4.50209	2.57123	5.19387	-1.9692	-0.0943863	-4.37985	2.45393	5.18775
1477010456250000	-4.68342	2.04572	5.23809	-1.98844	-0.141252	-4.29257	1.92854	-4.68205	2.0517	5.2244	-1.95953	-0.0633158	-4.56836	1.97072	5.18405
1477010456350000	-4.92444	1.52642	5.32935	-2.01135	-0.16283	-4.98165	1.43611	-4.89901	1.56883	5.23809	-2.00257	-0.141252	-4.76186	1.48989	5.17988
1477010456450000	-5.12254	1.07142	5.25063	-2.01389	-0.13168	-4.98594	1.10894	-5.15529	1.0466	5.32935	-2.02763	-0.16283	-4.96094	1.01182	5.17526
1477010456550000	-5.29434	0.471546	5.39139	-1.99044	-0.0830825	-4.84736	0.18101	-5.35036	0.598895	5.25063	-2.02706	-0.13168	-5.16621	0.536876	5.1702
1477010456650000	-5.47035	-0.0925199	5.56012	-1.93076	0.0974011	-5.99809	-0.290765	-5.51556	-0.0195222	5.39139	-1.99875	-0.0830825	-5.3782	0.0654719	5.16471
1477010456750000	-5.61191	-0.543731	5.22405	-1.97656	-0.0758439	-5.64447	-0.144522	-5.65974	-0.613488	5.56012	-1.92102	0.0974011	-5.59748	-0.401971	5.1588
1477010456850000	-5.81398	-0.924772	4.89611	-2.06865	-0.28245	-5.30947	-0.724468	-5.81622	-1.02245	5.22405	-1.98415	-0.0758439	-5.82456	-0.865006	5.15249
1477010456950000	-6.02156	-1.4368	5.12464	-2.02764	-0.147268	-5.68069	-1.52871	-6.05041	-1.35126	4.89611	-2.09689	-0.28245	-6.05993	-1.32316	5.14579
1477010457050000	-6.30064	-1.84069	5.09443	-2.1008	-0.263596	-6.11355	-1.75966	-6.24805	-1.89422	5.12464	-2.04237	-0.147268	-6.30406	-1.77593	5.13873
1477010457150000	-6.61118	-2.19901	4.95928	-2.17539	-0.328642	-6.99344	-2.17445	-6.56167	-2.27617	5.09443	-2.12715	-0.263596	-6.55738	-2.22281	5.13132
1477010457250000	-6.92266	-2.60197	4.97439	-2.21912	-0.346115	-7.14408	-2.67584	-6.89794	-2.60183	4.95928	-2.20825	-0.328642	-6.82029	-2.66323	5.12357
1477010457350000	-7.18108	-3.06129	5.00319	-2.21365	-0.289588	-7.13937	-3.22028	-7.22835	-2.99269	4.97439	-2.25373	-0.346115	-7.09316	-3.09663	5.11551
1477010457450000	-7.45505	-3.58646	5.1088	-2.19583	-0.231376	-7.77186	-4.08999	-7.48546	-3.45674	5.00319	-2.24261	-0.289588	-7.37632	-3.5224	5.10717
1477010457550000	-7.7406	-3.99334	5.11033	-2.21583	-0.230838	-7.52393	-3.88213	-7.75752	-3.99656	5.1088	-2.21897	-0.231376	-7.67004	-3.93992	5.09855
1477010457650000	-8.03578	-4.43415	5.12945	-2.22398	-0.211695	-8.08524	-4.57834	-8.0513	-4.39739	5.11033	-2.23891	-0.230838	-7.97457	-4.34854	5.08968
1477010457750000	-8.32636	-4.84263	5.04483	-2.22697	-0.172908	-8.453	-4.95621	-8.35051	-4.83739	5.12945	-2.24515	-0.211695	-8.29011	-4.74759	5.08058
1477010457850000	-8.64717	-5.1437	4.91631	-2.26536	-0.187085	-8.55062	-4.79248	-8.63623	-5.23882	5.04483	-2.24426	-0.172908	-8.61678	-5.13637	5.07128
1477010457950000	-8.96094	-5.54691	4.94154	-2.27556	-0.177105	-9.04115	-5.69364	-8.9639	-5.51762	4.91631	-2.28407	-0.187085	-8.95469	-5.51417	5.0618
1477010458050000	-9.25188	-5.84603	4.82734	-2.30111	-0.181881	-8.86897	-5.41973	-9.28279	-5.91951	4.94154	-2.29328	-0.177105	-9.30388	-5.88026	5.05217
1477010458150000	-9.59537	-6.22502	4.86401	-2.3186	-0.181094	-9.80646	-6.41174	-9.57543	-6.20168	4.82734	-2.3193	-0.181881	-9.66432	-6.23389	5.0424
1477010458250000	-10.0739	-6.48471	4.92933	-2.40829	-0.267173	-10.6688	-6.35543	-9.92745	-6.57749	4.86401	-2.33671	-0.181094	-10.0359	-6.57431	5.03253
1477010458350000	-10.4242	-6.81893	4.9654	-2.42896	-0.263957	-10.2205	-6.71044	-10.4423	-6.80861	4.92933	-2.43501	-0.267173	-10.4186	-6.90075	5.02257
1477010458450000	-10.848	-7.0761	4.98503	-2.48729	-0.30105	-10.8944	-6.83335	-10.8018	-7.13733	4.9654	-2.45535	-0.263957	-10.8121	-7.21245	5.01256
1477010458550000	-11.2052	-7.39152	4.9646	-2.50177	-0.284993	-10.986	-7.3707	-11.2455	-7.37219	4.98503	-2.51739	-0.30105	-11.2161	-7.50861	5.00251
1477010458650000	-11.595	-7.64752	4.93371	-2.53876	-0.294691	-11.4213	-7.46085	-11.605	-7.68077	4.9646	-2.53027	-0.284993	-11.6304	-7.78849	4.99246
1477010458750000	-11.986	-7.88719	4.82597	-2.57613	-0.303553	-11.9422	-7.88317	-12.0027	-7.91972	4.93371	-2.56823	-0.294691	-12.0546	-8.05131	4.98243
1477010458850000	-12.4219	-8.1479	4.94429	-2.60596	-0.300105	-12.4462	-8.02117	-12.3945	-8.13801	4.82597	-2.60649	-0.303553	-12.4881	-8.29633	4.97244
1477010458950000	-12.8412	-8.3216	4.82624	-2.66153	-0.33015	-12.7461	-8.19449	-12.8479	-8.39217	4.94429	-2.63597	-0.300105	-12.9304	-8.5228	4.96252
1477010459050000	-13.3496	-8.50901	4.91912	-2.71452	-0.344092	-13.7929	-8.47158	-13.2699	-8.53577	4.82624	-2.69454	-0.33015	-13.381	-8.73002	4.9527
1477010459150000	-13.8102	-8.56012	4.78344	-2.80938	-0.415656	-13.6376	-8.26343	-13.7976	-8.70338	4.91912	-2.74892	-0.344092	-13.8392	-8.91729	4.943
1477010459250000	-14.2739	-8.78858	4.90811	-2.80753	-0.354142	-14.4737	-8.79552	-14.2623	-8.70522	4.78344	-2.85094	-0.415656	-14.3043	-9.08395	4.93344
1477010459350000	-14.6907	-9.01089	4.86193	-2.81735	-0.336369	-14.5757	-9.32634	-14.7372	-8.93958	4.90811	-2.84295	-0.354142	-14.7754	-9.22939	4.92404
1477010459450000	-15.175	-9.23567	4.89292	-2.82936	-0.316399	-15.6189	-9.69365	-15.151	-9.15621	4.86193	-2.85099	-0.336369	-15.2517	-9.35302	4.91484
1477010459550000	-15.6741	-9.31011	4.83434	-2.8994	-0.365947	-15.9381	-9.35751	-15.6398	-9.37669	4.89292	-2.861	-0.316399	-15.7324	-9.45431	4.90586
1477010459650000	-16.2358	-9.25301	4.85939	-3.006	-0.434423	-16.6033	-8.85459	-16.1421	-9.41567	4.83434	-2.936	-0.365947	-16.2164	-9.53277	4.89711
1477010459750000	-16.6331	-9.32283	4.77473	-0.949969	-0.442122	-16.011	-9.33486	-16.7151	-9.3067	4.85939	-0.955042	-0.434423	-16.7027	-9.58797	4.88862
1477010459850000	-16.8961	-9.81008	4.89906	0.442985	-0.496558	-16.9255	-10.8571	-16.5352	-9.46855	4.77473	0.0530167	-0.442122	-17.1903	-9.61954	4.88042
1477010459950000	-17.2284	-10.0117	4.85827	-0.120241	-0.526501	-18.1371	-9.39146	-16.7415	-9.74725	4.89906	0.393329	-0.496558	-17.6781	-9.62717	4.87252
1477010460050000	-17.063	-10.9221	4.91641	-1.66879	-0.686328	-18.3083	-9.18778	-16.8868	-10.0656	4.85827	-0.172891	-0.526501	-18.1648	-9.61064	4.86493
1477010460150000	-17.2444	-11.347	5.03595	-1.97351	-0.799217	-18.2443	-9.58547	-17.1266	-11.3913	4.91641	-1.73743	-0.686328	-18.6493	-9.56977	4.85769
1477010460250000	-17.5657	-11.5191	4.97695	-2.04844	-0.869668	-18.6983	-9.02886	-17.4584	-11.8004	5.03595	-2.05344	-0.799217	-19.1305	-9.50446	4.85081
1477010460350000	-17.9312	-11.6593	4.67128	-2.15761	-0.860828	-19.7037	-8.79906	-17.8114	-11.9495	4.97695	-2.13541	-0.869668	-19.6069	-9.41472	4.84431
1477010460450000	-18.4274	-11.6037	4.2799	-2.3633	-0.940036	-20.3815	-7.67549	-18.204	-12.0358	4.67128	-2.24369	-0.860828	-20.0775	-9.30061	4.8382
1477010460550000	-18.939	-11.6242	4.05925	-2.57798	-1.03466	-20.4587	-9.7448	-18.7433	-11.8889	4.2799	-2.45731	-0.940036	-20.5409	-9.16227	4.83249
1477010460650000	-19.5921	-11.39	3.84379	-2.88679	-1.24013	-21.5568	-8.5005	-19.29	-11.8226	4.05925	-2.68145	-1.03466	-20.9959	-8.99994	4.82722
1477010460750000	-20.2001	-11.1374	3.82728	-1.06181	-1.39429	-21.8628	-8.64129	-19.9664	-11.4636	3.84379	-0.916411	-1.24013	-21.4412	-8.81393	4.82237
1477010460850000	-20.8281	-10.58	3.82827	2.24206	-1.58297	-21.9514	-7.41274	-20.1402	-11.2654	3.82728	-0.154046	-1.39429	-21.8754	-8.60465	4.81798
1477010460950000	-21.4537	-10.153	3.82477	0.470924	-1.65955	-22.1914	-7.70392	-20.8822	-10.4991	3.82827	-0.0106322	-1.58297	-22.2975	-8.37258	4.81404
1477010461050000	-21.945	-9.82412	3.78803	1.672	-1.69789	-22.3177	-8.57758	-21.4502	-10.1523	3.82477	0.304969	-1.65955	-22.7061	-8.11829	4.81058
1477010461150000	-22.5147	-9.33658	3.81055	2.72492	-1.73362	-23.2693	-8.32031	-21.9438	-9.76107	3.78803	1.50222	-1.69789	-23.1	-7.84243	4.80759
1477010461250000	-23.0257	-8.98316	3.88924	2.77768	-1.79832	-23.473	-7.02103	-22.8385	-9.1589	3.81055	2.55155	-1.73362	-23.4781	-7.54572	4.80509
1477010461350000	-23.4833	-8.69651	3.95317	2.61525	-1.81976	-24.0505	-6.56969	-23.3727	-8.81287	3.88924	2.59785	-1.79832	-23.8393	-7.22897	4.80309
1477010461450000	-23.8898	-8.3696	4.01943	2.44583	-1.79415	-24.3577	-5.94086	-23.8033	-8.46787	3.95317	2.43328	-1.81976	-24.1825	-6.89307	4.80158
1477010461550000	-24.258	-8.06934	4.04016	2.31971	-1.68402	-24.788	-7.18367	-24.1719	-8.08579	4.01943	2.26642	-1.79415	-24.5066	-6.53895	4.80057
1477010461650000	-24.5365	-7.77257	4.05351	2.22782	-1.45924	-24.6108	-6.00878	-24.5054	-7.75191	4.04016	2.15131	-1.68402	-24.8107	-6.16764	4.80006
1477010461750000	-24.8113	-7.40204	4.13835	2.16075	-1.19632	-24.8975	-5.02285	-24.7586	-7.435	4.05351	2.0819	-1.45924	-25.094	-5.7802	4.80006
1477010461850000	-25.1291	-7.01567	4.24531	2.14712	-0.905532	-25.5328	-5.4399	-25.0194	-7.04556	4.13835	2.04112	-1.19632	-25.3556	-5.37777	4.80057
1477010461950000	-25.3657	-6.69839	4.28469	2.1458	-0.682064	-25.0178	-6.55904	-25.3432	-6.65006	4.24531	2.05657	-0.905532	-25.5946	-4.96152	4.80158
1477010462050000	-25.656	-6.1753	4.48519	2.10501	-0.565393	-25.8162	-4.40681	-25.5854	-6.33143	4.28469	2.07759	-0.682064	-25.8105	-4.53268	4.80309
1477010462150000	-25.9636	-5.62909	4.61676	2.01995	-0.617662	-26.8953	-4.43966	-25.8724	-5.78331	4.48519	2.04847	-0.565393	-26.0027	-4.0925	4.80509
1477010462250000	-26.1837	-5.05302	4.75253	1.92464	-0.664567	-26.5652	-3.85723	-26.1502	-5.20761	4.61676	1.95819	-0.617662	-26.1706	-3.64227	4.80759
1477010462350000	-26.3364	-4.42815	4.90785	1.83299	-0.678867	-26.2976	-3.01078	-26.3327	-4.60245	4.75253	1.85818	-0.664567	-26.3138	-3.18332	4.81058
1477010462450000	-26.4672	-3.90845	4.94297	1.77993	-0.637761	-26.4681	-3.44967	-26.4468	-3.95061	4.90785	1.7651	-0.678867	-26.4319	-2.71697	4.81404
1477010462550000	-26.6068	-3.23658	5.10031	1.73704	-0.562223	-26.657	-1.72382	-26.5538	-3.42239	4.94297	1.71615	-0.637761	-26.5247	-2.24456	4.81798
1477010462650000	-26.682	-2.5713	5.231	1.69572	-0.494464	-26.3248	-1.32261	-26.6766	-2.73189	5.10031	1.68082	-0.562223	-26.5921	-1.76744	4.82237
1477010462750000	-26.6929	-2.07444	5.21053	1.62664	-0.535023	-26.4998	-2.19525	-26.734	-2.0513	5.231	1.64627	-0.494464	-26.6338	-1.28695	4.82722
1477010462850000	-26.7626	-1.56319	5.20403	1.5891	-0.513953	-27.2008	-1.67678	-26.7078	-1.5541	5.21053	1.57314	-0.535023	-26.65	-0.804425	4.83249
1477010462950000	-26.7685	-0.897636	5.32648	1.52035	-0.548249	-26.9891	0.0351491	-26.7586	-1.04327	5.20403	1.53771	-0.513953	-26.6406	-0.321181	4.8382
1477010463050000	-26.7406	-0.359769	5.33607	1.46149	-0.563787	-26.9537	0.136944	-26.7269	-0.367097	5.32648	1.46553	-0.548249	-26.6059	0.161489	4.84431
1477010463150000	-26.7044	0.164268	5.32193	1.42893	-0.512784	-26.8241	0.381508	-26.6675	0.168311	5.33607	1.40511	-0.563787	-26.5462	0.642323	4.85081
1477010463250000	-26.5952	1.03519	5.56992	1.40037	-0.426266	-25.9562	2.60409	-26.6157	0.688546	5.32193	1.37765	-0.512784	-26.4616	1.12009	4.85769
1477010463350000	-26.5143	1.22459	5.30065	1.37324	-0.40396	-26.5072	-0.563929	-26.4891	1.58151	5.56992	1.35775	-0.426266	-26.3526	1.59361	4.86493
1477010463450000	-26.3837	1.7512	5.3117	1.32152	-0.428867	-26.3475	1.82827	-26.3999	1.74173	5.30065	1.33284	-0.40396	-26.2197	2.06173	4.87252
1477010463550000	-26.2411	2.2699	5.30999	1.29139	-0.393591	-26.069	2.27896	-26.2418	2.26261	5.3117	1.27863	-0.428867	-26.0633	2.52336	4.88042
1477010463650000	-26.0719	2.80097	5.34145	1.22219	-0.470592	-26.3234	3.02388	-26.0848	2.77694	5.30999	1.25203	-0.393591	-25.884	2.97746	4.88862
1477010463750000	-25.9015	3.36312	5.38736	1.17845	-0.472187	-26.1824	3.73376	-25.878	3.29817	5.34145	1.17513	-0.470592	-25.6826	3.42306	4.89711
1477010463850000	-25.6745	3.74387	5.31171	1.12161	-0.489607	-25.5773	3.13316	-25.6842	3.85556	5.38736	1.13123	-0.472187	-25.4596	3.85924	4.90586
1477010463950000	-25.4315	4.14817	5.2615	1.07175	-0.487327	-25.3516	3.75691	-25.4326	4.21624	5.31171	1.07265	-0.489607	-25.2157	4.28514	4.91484
1477010464050000	-25.1041	4.57272	5.23655	1.02538	-0.454905	-24.2719	4.30917	-25.169	4.60361	5.2615	1.02301	-0.487327	-24.9518	4.69998	4.92404
1477010464150000	-24.7809	5.0116	5.24146	0.974435	-0.454357	-24.3609	4.95947	-24.8229	5.01389	5.23655	0.979887	-0.454905	-24.6686	5.10304	4.93344
1477010464250000	-24.4533	5.39866	5.23737	0.903117	-0.510376	-24.4379	5.24592	-24.4774	5.4383	5.24146	0.929	-0.454357	-24.367	5.49367	4.943
1477010464350000	-24.162	5.63712	5.12679	0.83347	-0.552278	-24.5638	4.75836	-24.1194	5.80142	5.23737	0.852079	-0.510376	-24.0477	5.8713	4.9527
1477010464450000	-23.8232	6.08652	5.11924	0.824519	-0.446019	-23.5491	6.44495	-23.8079	6.00696	5.12679	0.778242	-0.552278	-23.7117	6.23542	4.96252
1477010464550000	-23.5076	6.47609	5.10891	0.801252	-0.407375	-23.7544	6.53746	-23.4683	6.45457	5.11924	0.779917	-0.446019	-23.3598	6.58559	4.97244
1477010464650000	-23.132	6.67324	4.99947	0.741629	-0.419858	-22.7862	5.74144	-23.1458	6.83579	5.10891	0.760515	-0.407375	-22.9928	6.92146	4.98243
1477010464750000	-22.7132	6.95826	5.00344	0.672898	-0.465273	-22.418	6.76159	-22.7574	7.00329	4.99947	0.699643	-0.419858	-22.6117	7.24273	4.99246
1477010464850000	-22.2468	7.33451	5.12727	0.595839	-0.540467	-22.0543	7.85452	-22.3159	7.26116	5.00344	0.626371	-0.465273	-22.2173	7.54917	5.00251
1477010464950000	-21.8027	7.85959	5.24393	0.603769	-0.439758	-21.6178	9.0351	-21.8161	7.61103	5.12727	0.541792	-0.540467	-21.8105	7.84064	5.01256
1477010465050000	-21.4298	8.10405	5.17583	0.573473	-0.412152	-21.8637	7.78661	-21.3659	8.14811	5.24393	0.559793	-0.439758	-21.392	8.11703	5.02257
1477010465150000	-20.9488	8.58086	5.28945	0.589148	-0.316419	-20.5503	9.28616	-20.9906	8.37626	5.17583	0.532258	-0.412152	-20.9628	8.37833	5.03253
1477010465250000	-20.4251	8.91184	5.37285	0.527695	-0.380305	-19.9265	9.40847	-20.5058	8.86816	5.28945	0.557506	-0.316419	-20.5237	8.62457	5.0424
1477010465350000	-20.0076	9.15995	5.3122	0.518856	-0.316122	-20.2277	8.8532	-19.9571	9.17394	5.37285	0.489664	-0.380305	-20.0754	8.85583	5.05217
1477010465450000	-19.6115	9.34144	5.21123	0.504047	-0.267883	-19.9264	8.7818	-19.5434	9.41649	5.3122	0.487244	-0.316122	-19.6186	9.07227	5.0618
1477010465550000	-19.0669	9.67717	5.32751	0.465727	-0.304638	-18.5719	10.2069	-19.1531	9.58744	5.21123	0.477259	-0.267883	-19.1542	9.27409	5.07128
1477010465650000	-18.6858	9.72921	5.17708	0.40683	-0.340414	-19.2825	8.98189	-18.5884	9.90962	5.32751	0.435263	-0.304638	-18.6827	9.46154	5.08058
1477010465750000	-18.221	9.69149	5.08893	0.301384	-0.449032	-18.1634	8.72444	-18.208	9.9265	5.17708	0.372789	-0.340414	-18.2049	9.63492	5.08968
1477010465850000	-17.6942	9.88264	5.09605	0.280029	-0.396643	-17.2296	9.97767	-17.7329	9.8323	5.08893	0.256481	-0.449032	-17.7214	9.79457	5.09855
1477010465950000	-17.1889	10.0473	5.12395	0.244141	-0.39584	-17.1554	10.212	-17.203	10.0145	5.09605	0.240365	-0.396643	-17.2328	9.94087	5.10717
1477010466050000	-16.6846	10.162	5.12078	0.208263	-0.385775	-16.5958	10.1078	-16.6907	10.1621	5.12395	0.204557	-0.39584	-16.7396	10.0743	5.11551
1477010466150000	-16.1592	10.3218	5.16124	0.184142	-0.369653	-16.09	10.5824	-16.183	10.2591	5.12078	0.169686	-0.385775	-16.2424	10.1952	5.12357
1477010466250000	-15.6649	10.4326	5.13756	0.16963	-0.326999	-15.7234	10.41	-15.6516	10.4079	5.16124	0.147177	-0.369653	-15.7416	10.3041	5.13132
1477010466350000	-15.0218	10.5743	5.30413	0.114826	-0.386229	-14.2385	10.9109	-15.1586	10.5121	5.13756	0.13693	-0.326999	-15.2376	10.4016	5.13873
1477010466450000	-14.5899	10.5139	5.11937	0.0974968	-0.303046	-14.724	9.63506	-14.4952	10.626	5.30413	0.0762029	-0.386229	-14.7309	10.4882	5.14579
1477010466550000	-14.0604	10.5659	5.13285	0.0715786	-0.294313	-13.9005	10.5238	-14.081	10.5571	5.11937	0.0671922	-0.303046	-14.2218	10.5645	5.15249
1477010466650000	-13.5224	10.6959	5.13625	0.0964962	-0.202614	-13.3956	10.7857	-13.5494	10.5962	5.13285	0.0421472	-0.294313	-13.7107	10.631	5.1588
1477010466750000	-12.9988	10.7485	5.15469	0.0730237	-0.211985	-12.9374	10.8137	-13.0121	10.7413	5.13625	0.0762348	-0.202614	-13.1979	10.6884	5.16471
1477010466850000	-12.4249	10.9008	5.22809	0.0907431	-0.164508	-12.2518	11.2495	-12.4856	10.7817	5.15469	0.0518252	-0.211985	-12.6836	10.7373	5.1702
1477010466950000	-11.9069	10.9637	5.22146	0.0910044	-0.133264	-11.9352	10.9161	-11.9052	10.9449	5.22809	0.0742923	-0.164508	-12.1681	10.7783	5.17526
1477010467050000	-11.3323	11.0227	5.27314	0.0783856	-0.135061	-10.9703	10.9676	-11.3878	11.0086	5.22146	0.077678	-0.133264	-11.6516	10.8121	5.17988
1477010467150000	-10.9325	10.8289	5.14489	-0.0442599	-0.306907	-11.3472	10.5111	-10.8074	11.0613	5.27314	0.0648795	-0.135061	-11.1342	10.8394	5.18405
1477010467250000	-10.4554	10.7973	5.10349	-0.0702784	-0.295097	-10.6563	10.8369	-10.4198	10.7992	5.14489	-0.0749506	-0.306907	-10.6161	10.8609	5.18775
1477010467350000	-9.92904	10.8945	5.07039	-0.0210114	-0.156579	-9.90413	11.2255	-9.94781	10.755	5.10349	-0.0997881	-0.295097	-10.0976	10.8772	5.19097
1477010467450000	-9.57623	10.7692	4.89423	-0.0547679	-0.156149	-10.195	10.3498	-9.42325	10.8809	5.07039	-0.0366693	-0.156579	-9.57852	10.8891	5.19372
1477010467550000	-9.13474	10.6929	4.82212	-0.0686938	-0.133399	-9.2226	10.3527	-9.08869	10.7396	4.89423	-0.0703828	-0.156149	-9.05915	10.8972	5.19597
1477010467650000	-8.72709	10.5654	4.72035	-0.0966002	-0.129999	-8.83914	10.0319	-8.65481	10.6576	4.82212	-0.0820337	-0.133399	-8.53954	10.9023	5.19773
1477010467750000	-8.16307	10.649	4.81879	-0.0604345	-0.0694516	-7.91543	11.1157	-8.25843	10.5179	4.72035	-0.1096	-0.129999	-8.01974	10.905	5.19899
1477010467850000	-7.59823	10.6809	4.89773	-0.0327455	-0.0172848	-7.25987	10.6458	-7.68313	10.6193	4.81879	-0.0673797	-0.0694516	-7.49981	10.9061	5.19975
1477010467950000	-7.12097	10.7451	4.88988	0.011895	0.0579049	-7.39396	11.0181	-7.10966	10.6653	4.89773	-0.034474	-0.0172848	-6.97983	10.9064	5.2
